<?xml version="1.0" encoding="UTF-8"?>
<!-- Generated by org.testng.reporters.JUnitXMLReporter -->
<testsuite ignored="2" hostname="PavithraDilip" failures="0" tests="1" name="Default test" time="25.852" errors="0" timestamp="2024-11-12T23:21:47 IST">
  <testcase classname="com.crm.contactTest.CreateContactTest" name="createContactTest" time="15.78"/>
  <testcase classname="com.crm.contactTest.CreateContactTest" name="createContactWithSupportDateTest" time="0.0">
    <ignored/>
  </testcase> <!-- createContactWithSupportDateTest -->
  <testcase classname="com.crm.contactTest.CreateContactTest" name="createContactWithOrgTest" time="0.0">
    <ignored/>
  </testcase> <!-- createContactWithOrgTest -->
</testsuite> <!-- Default test -->
