<?xml version="1.0" encoding="UTF-8"?>
<!-- Generated by org.testng.reporters.JUnitXMLReporter -->
<testsuite ignored="2" hostname="PavithraDilip" failures="0" tests="1" name="Default test" time="27.35" errors="0" timestamp="2024-11-13T15:18:32 IST">
  <testcase classname="com.crm.organizationTest.CreateORGTest" name="createOrgTest" time="17.643"/>
  <testcase classname="com.crm.organizationTest.CreateORGTest" name="createOrgWithPhoneNoTest" time="0.0">
    <ignored/>
  </testcase> <!-- createOrgWithPhoneNoTest -->
  <testcase classname="com.crm.organizationTest.CreateORGTest" name="createOrgWithIndstryTest" time="0.0">
    <ignored/>
  </testcase> <!-- createOrgWithIndstryTest -->
</testsuite> <!-- Default test -->
