<?xml version="1.0" encoding="UTF-8"?>
<!-- Generated by org.testng.reporters.JUnitXMLReporter -->
<testsuite ignored="16" hostname="PavithraDilip" failures="0" tests="5" name="Test" time="129.578" errors="0" timestamp="2024-11-12T23:26:24 IST">
  <testcase classname="com.crm.contactTest.CreateContactTest" name="createContactTest" time="16.238"/>
  <testcase classname="com.crm.leadsTest.CreateLeadsTest" name="createLeadsNameTest" time="16.292"/>
  <testcase classname="com.crm.productTest.CreateProductTest" name="createProductTest" time="19.334"/>
  <testcase classname="com.crm.vendorTest.CreateVendorTest" name="createVendorTest" time="14.689"/>
  <testcase classname="com.crm.organizationTest.CreateORGTest" name="createOrgTest" time="19.085"/>
  <testcase classname="comCRM.generic.baseUtility.BaseClass" name="@BeforeSuite beforsuite" time="0.0">
    <ignored/>
  </testcase> <!-- @BeforeSuite beforsuite -->
  <testcase classname="comCRM.generic.baseUtility.BaseClass" name="@BeforeSuite beforsuite" time="0.0">
    <ignored/>
  </testcase> <!-- @BeforeSuite beforsuite -->
  <testcase classname="comCRM.generic.baseUtility.BaseClass" name="@BeforeSuite beforsuite" time="0.0">
    <ignored/>
  </testcase> <!-- @BeforeSuite beforsuite -->
  <testcase classname="comCRM.generic.baseUtility.BaseClass" name="@BeforeSuite beforsuite" time="0.0">
    <ignored/>
  </testcase> <!-- @BeforeSuite beforsuite -->
  <testcase classname="com.crm.organizationTest.CreateORGTest" name="createOrgWithPhoneNoTest" time="0.0">
    <ignored/>
  </testcase> <!-- createOrgWithPhoneNoTest -->
  <testcase classname="com.crm.productTest.CreateProductTest" name="ceateProductWithVendorNametest" time="0.0">
    <ignored/>
  </testcase> <!-- ceateProductWithVendorNametest -->
  <testcase classname="com.crm.contactTest.CreateContactTest" name="createContactWithSupportDateTest" time="0.0">
    <ignored/>
  </testcase> <!-- createContactWithSupportDateTest -->
  <testcase classname="comCRM.generic.baseUtility.BaseClass" name="@AfterSuite afterSuite" time="0.0">
    <ignored/>
  </testcase> <!-- @AfterSuite afterSuite -->
  <testcase classname="comCRM.generic.baseUtility.BaseClass" name="@AfterSuite afterSuite" time="0.0">
    <ignored/>
  </testcase> <!-- @AfterSuite afterSuite -->
  <testcase classname="comCRM.generic.baseUtility.BaseClass" name="@AfterSuite afterSuite" time="0.0">
    <ignored/>
  </testcase> <!-- @AfterSuite afterSuite -->
  <testcase classname="comCRM.generic.baseUtility.BaseClass" name="@AfterSuite afterSuite" time="0.0">
    <ignored/>
  </testcase> <!-- @AfterSuite afterSuite -->
  <testcase classname="com.crm.leadsTest.CreateLeadsTest" name="createLeadWithIndustryTest" time="0.0">
    <ignored/>
  </testcase> <!-- createLeadWithIndustryTest -->
  <testcase classname="com.crm.organizationTest.CreateORGTest" name="createOrgWithIndstryTest" time="0.0">
    <ignored/>
  </testcase> <!-- createOrgWithIndstryTest -->
  <testcase classname="com.crm.contactTest.CreateContactTest" name="createContactWithOrgTest" time="0.0">
    <ignored/>
  </testcase> <!-- createContactWithOrgTest -->
  <testcase classname="com.crm.productTest.CreateProductTest" name="createProductWithCategoryTest" time="0.0">
    <ignored/>
  </testcase> <!-- createProductWithCategoryTest -->
  <testcase classname="com.crm.leadsTest.CreateLeadsTest" name="createLeadsWithPhoneNoTest" time="0.0">
    <ignored/>
  </testcase> <!-- createLeadsWithPhoneNoTest -->
</testsuite> <!-- Test -->
