<?xml version="1.0" encoding="UTF-8"?>
<!-- Generated by org.testng.reporters.JUnitXMLReporter -->
<testsuite ignored="2" hostname="PavithraDilip" failures="0" tests="0" name="Test" time="8.823" errors="0" timestamp="2024-11-13T17:08:57 IST">
  <testcase classname="com.crm.organizationTest.CreateORGTest" name="createOrgWithPhoneNoTest" time="0.0">
    <ignored/>
  </testcase> <!-- createOrgWithPhoneNoTest -->
  <testcase classname="com.crm.organizationTest.CreateORGTest" name="createOrgWithIndstryTest" time="0.0">
    <ignored/>
  </testcase> <!-- createOrgWithIndstryTest -->
</testsuite> <!-- Test -->
