<?xml version="1.0" encoding="UTF-8"?>
<testng-results ignored="0" total="2" passed="2" failed="0" skipped="0">
  <reporter-output>
  </reporter-output>
  <suite started-at="2024-11-13T17:03:55 IST" name="Suite" finished-at="2024-11-13T17:04:42 IST" duration-ms="46652">
    <groups>
      <group name="smokeTest">
        <method signature="CreateVendorTest.createVendorTest()[pri:0, instance:com.crm.vendorTest.CreateVendorTest@25641d39]" name="createVendorTest" class="com.crm.vendorTest.CreateVendorTest"/>
        <method signature="CreateVendorTest.createVendorTest()[pri:0, instance:com.crm.vendorTest.CreateVendorTest@7d0b7e3c]" name="createVendorTest" class="com.crm.vendorTest.CreateVendorTest"/>
      </group> <!-- smokeTest -->
    </groups>
    <test started-at="2024-11-13T17:03:55 IST" name="Test-1" finished-at="2024-11-13T17:04:42 IST" duration-ms="46273">
      <class name="com.crm.vendorTest.CreateVendorTest">
        <test-method is-config="true" signature="bc(java.lang.String)[pri:0, instance:com.crm.vendorTest.CreateVendorTest@25641d39]" started-at="2024-11-13T17:03:55 IST" name="bc" finished-at="2024-11-13T17:04:02 IST" duration-ms="6627" status="PASS">
          <params>
            <param index="0">
              <value>
                <![CDATA[edge]]>
              </value>
            </param>
          </params>
          <reporter-output>
          </reporter-output>
        </test-method> <!-- bc -->
        <test-method is-config="true" signature="bm()[pri:0, instance:com.crm.vendorTest.CreateVendorTest@25641d39]" started-at="2024-11-13T17:04:02 IST" name="bm" finished-at="2024-11-13T17:04:11 IST" duration-ms="8931" status="PASS">
          <reporter-output>
          </reporter-output>
        </test-method> <!-- bm -->
        <test-method signature="createVendorTest()[pri:0, instance:com.crm.vendorTest.CreateVendorTest@25641d39]" started-at="2024-11-13T17:04:11 IST" name="createVendorTest" finished-at="2024-11-13T17:04:36 IST" duration-ms="24945" status="PASS">
          <reporter-output>
          </reporter-output>
        </test-method> <!-- createVendorTest -->
        <test-method is-config="true" signature="am()[pri:0, instance:com.crm.vendorTest.CreateVendorTest@25641d39]" started-at="2024-11-13T17:04:36 IST" name="am" finished-at="2024-11-13T17:04:39 IST" duration-ms="3453" status="PASS">
          <reporter-output>
          </reporter-output>
        </test-method> <!-- am -->
        <test-method is-config="true" signature="ac()[pri:0, instance:com.crm.vendorTest.CreateVendorTest@25641d39]" started-at="2024-11-13T17:04:39 IST" name="ac" finished-at="2024-11-13T17:04:42 IST" duration-ms="2219" status="PASS">
          <reporter-output>
          </reporter-output>
        </test-method> <!-- ac -->
      </class> <!-- com.crm.vendorTest.CreateVendorTest -->
    </test> <!-- Test-1 -->
    <test started-at="2024-11-13T17:03:55 IST" name="Test-2" finished-at="2024-11-13T17:04:42 IST" duration-ms="46651">
      <class name="com.crm.vendorTest.CreateVendorTest">
        <test-method is-config="true" signature="beforsuite()[pri:0, instance:com.crm.vendorTest.CreateVendorTest@7d0b7e3c]" started-at="2024-11-13T17:03:54 IST" name="beforsuite" finished-at="2024-11-13T17:03:55 IST" duration-ms="1004" status="PASS">
          <reporter-output>
          </reporter-output>
        </test-method> <!-- beforsuite -->
        <test-method is-config="true" signature="bc(java.lang.String)[pri:0, instance:com.crm.vendorTest.CreateVendorTest@7d0b7e3c]" started-at="2024-11-13T17:03:55 IST" name="bc" finished-at="2024-11-13T17:04:00 IST" duration-ms="4355" status="PASS">
          <params>
            <param index="0">
              <value>
                <![CDATA[chrome]]>
              </value>
            </param>
          </params>
          <reporter-output>
          </reporter-output>
        </test-method> <!-- bc -->
        <test-method is-config="true" signature="bm()[pri:0, instance:com.crm.vendorTest.CreateVendorTest@7d0b7e3c]" started-at="2024-11-13T17:04:00 IST" name="bm" finished-at="2024-11-13T17:04:08 IST" duration-ms="8338" status="PASS">
          <reporter-output>
          </reporter-output>
        </test-method> <!-- bm -->
        <test-method signature="createVendorTest()[pri:0, instance:com.crm.vendorTest.CreateVendorTest@7d0b7e3c]" started-at="2024-11-13T17:04:08 IST" name="createVendorTest" finished-at="2024-11-13T17:04:36 IST" duration-ms="27730" status="PASS">
          <reporter-output>
          </reporter-output>
        </test-method> <!-- createVendorTest -->
        <test-method is-config="true" signature="am()[pri:0, instance:com.crm.vendorTest.CreateVendorTest@7d0b7e3c]" started-at="2024-11-13T17:04:36 IST" name="am" finished-at="2024-11-13T17:04:40 IST" duration-ms="4033" status="PASS">
          <reporter-output>
          </reporter-output>
        </test-method> <!-- am -->
        <test-method is-config="true" signature="ac()[pri:0, instance:com.crm.vendorTest.CreateVendorTest@7d0b7e3c]" started-at="2024-11-13T17:04:40 IST" name="ac" finished-at="2024-11-13T17:04:42 IST" duration-ms="2088" status="PASS">
          <reporter-output>
          </reporter-output>
        </test-method> <!-- ac -->
        <test-method is-config="true" signature="afterSuite()[pri:0, instance:com.crm.vendorTest.CreateVendorTest@7d0b7e3c]" started-at="2024-11-13T17:04:42 IST" name="afterSuite" finished-at="2024-11-13T17:04:42 IST" duration-ms="1" status="PASS">
          <reporter-output>
          </reporter-output>
        </test-method> <!-- afterSuite -->
      </class> <!-- com.crm.vendorTest.CreateVendorTest -->
    </test> <!-- Test-2 -->
  </suite> <!-- Suite -->
</testng-results>
