<?xml version="1.0" encoding="UTF-8"?>
<testng-results ignored="16" total="21" passed="5" failed="0" skipped="0">
  <reporter-output>
  </reporter-output>
  <suite started-at="2024-11-12T23:24:14 IST" name="Suite" finished-at="2024-11-12T23:26:24 IST" duration-ms="129578">
    <groups>
      <group name="smokeTest">
        <method signature="CreateContactTest.createContactTest()[pri:0, instance:com.crm.contactTest.CreateContactTest@71ba6d4e]" name="createContactTest" class="com.crm.contactTest.CreateContactTest"/>
        <method signature="CreateLeadsTest.createLeadsNameTest()[pri:0, instance:com.crm.leadsTest.CreateLeadsTest@750e2b97]" name="createLeadsNameTest" class="com.crm.leadsTest.CreateLeadsTest"/>
        <method signature="CreateORGTest.createOrgTest()[pri:0, instance:com.crm.organizationTest.CreateORGTest@2ddc9a9f]" name="createOrgTest" class="com.crm.organizationTest.CreateORGTest"/>
        <method signature="CreateProductTest.createProductTest()[pri:0, instance:com.crm.productTest.CreateProductTest@3e27aa33]" name="createProductTest" class="com.crm.productTest.CreateProductTest"/>
        <method signature="CreateVendorTest.createVendorTest()[pri:0, instance:com.crm.vendorTest.CreateVendorTest@2e385cce]" name="createVendorTest" class="com.crm.vendorTest.CreateVendorTest"/>
      </group> <!-- smokeTest -->
    </groups>
    <test started-at="2024-11-12T23:24:14 IST" name="Test" finished-at="2024-11-12T23:26:24 IST" duration-ms="129578">
      <class name="com.crm.vendorTest.CreateVendorTest">
        <test-method is-config="true" signature="bc()[pri:0, instance:com.crm.vendorTest.CreateVendorTest@2e385cce]" started-at="2024-11-12T23:25:33 IST" name="bc" finished-at="2024-11-12T23:25:34 IST" duration-ms="1458" status="PASS">
          <reporter-output>
          </reporter-output>
        </test-method> <!-- bc -->
        <test-method is-config="true" signature="bm()[pri:0, instance:com.crm.vendorTest.CreateVendorTest@2e385cce]" started-at="2024-11-12T23:25:34 IST" name="bm" finished-at="2024-11-12T23:25:39 IST" duration-ms="4422" status="PASS">
          <reporter-output>
          </reporter-output>
        </test-method> <!-- bm -->
        <test-method signature="createVendorTest()[pri:0, instance:com.crm.vendorTest.CreateVendorTest@2e385cce]" started-at="2024-11-12T23:25:39 IST" name="createVendorTest" finished-at="2024-11-12T23:25:53 IST" duration-ms="14689" status="PASS">
          <reporter-output>
          </reporter-output>
        </test-method> <!-- createVendorTest -->
        <test-method is-config="true" signature="am()[pri:0, instance:com.crm.vendorTest.CreateVendorTest@2e385cce]" started-at="2024-11-12T23:25:53 IST" name="am" finished-at="2024-11-12T23:25:55 IST" duration-ms="2011" status="PASS">
          <reporter-output>
          </reporter-output>
        </test-method> <!-- am -->
        <test-method is-config="true" signature="ac()[pri:0, instance:com.crm.vendorTest.CreateVendorTest@2e385cce]" started-at="2024-11-12T23:25:55 IST" name="ac" finished-at="2024-11-12T23:25:56 IST" duration-ms="357" status="PASS">
          <reporter-output>
          </reporter-output>
        </test-method> <!-- ac -->
      </class> <!-- com.crm.vendorTest.CreateVendorTest -->
      <class name="com.crm.productTest.CreateProductTest">
        <test-method is-config="true" signature="bc()[pri:0, instance:com.crm.productTest.CreateProductTest@3e27aa33]" started-at="2024-11-12T23:25:05 IST" name="bc" finished-at="2024-11-12T23:25:06 IST" duration-ms="1531" status="PASS">
          <reporter-output>
          </reporter-output>
        </test-method> <!-- bc -->
        <test-method is-config="true" signature="bm()[pri:0, instance:com.crm.productTest.CreateProductTest@3e27aa33]" started-at="2024-11-12T23:25:06 IST" name="bm" finished-at="2024-11-12T23:25:11 IST" duration-ms="4395" status="PASS">
          <reporter-output>
          </reporter-output>
        </test-method> <!-- bm -->
        <test-method signature="createProductTest()[pri:0, instance:com.crm.productTest.CreateProductTest@3e27aa33]" started-at="2024-11-12T23:25:11 IST" name="createProductTest" finished-at="2024-11-12T23:25:30 IST" duration-ms="19334" status="PASS">
          <reporter-output>
          </reporter-output>
        </test-method> <!-- createProductTest -->
        <test-method is-config="true" signature="am()[pri:0, instance:com.crm.productTest.CreateProductTest@3e27aa33]" started-at="2024-11-12T23:25:30 IST" name="am" finished-at="2024-11-12T23:25:32 IST" duration-ms="2224" status="PASS">
          <reporter-output>
          </reporter-output>
        </test-method> <!-- am -->
        <test-method is-config="true" signature="ac()[pri:0, instance:com.crm.productTest.CreateProductTest@3e27aa33]" started-at="2024-11-12T23:25:32 IST" name="ac" finished-at="2024-11-12T23:25:33 IST" duration-ms="397" status="PASS">
          <reporter-output>
          </reporter-output>
        </test-method> <!-- ac -->
      </class> <!-- com.crm.productTest.CreateProductTest -->
      <class name="com.crm.contactTest.CreateContactTest">
        <test-method is-config="true" signature="beforsuite()[pri:0, instance:com.crm.contactTest.CreateContactTest@71ba6d4e]" started-at="2024-11-12T23:24:13 IST" name="beforsuite" finished-at="2024-11-12T23:24:14 IST" duration-ms="940" status="PASS">
          <reporter-output>
          </reporter-output>
        </test-method> <!-- beforsuite -->
        <test-method is-config="true" signature="bc()[pri:0, instance:com.crm.contactTest.CreateContactTest@71ba6d4e]" started-at="2024-11-12T23:24:14 IST" name="bc" finished-at="2024-11-12T23:24:17 IST" duration-ms="2561" status="PASS">
          <reporter-output>
          </reporter-output>
        </test-method> <!-- bc -->
        <test-method is-config="true" signature="bm()[pri:0, instance:com.crm.contactTest.CreateContactTest@71ba6d4e]" started-at="2024-11-12T23:24:17 IST" name="bm" finished-at="2024-11-12T23:24:21 IST" duration-ms="4509" status="PASS">
          <reporter-output>
          </reporter-output>
        </test-method> <!-- bm -->
        <test-method signature="createContactTest()[pri:0, instance:com.crm.contactTest.CreateContactTest@71ba6d4e]" started-at="2024-11-12T23:24:21 IST" name="createContactTest" finished-at="2024-11-12T23:24:37 IST" duration-ms="16238" status="PASS">
          <reporter-output>
          </reporter-output>
        </test-method> <!-- createContactTest -->
        <test-method is-config="true" signature="am()[pri:0, instance:com.crm.contactTest.CreateContactTest@71ba6d4e]" started-at="2024-11-12T23:24:37 IST" name="am" finished-at="2024-11-12T23:24:40 IST" duration-ms="2176" status="PASS">
          <reporter-output>
          </reporter-output>
        </test-method> <!-- am -->
        <test-method is-config="true" signature="ac()[pri:0, instance:com.crm.contactTest.CreateContactTest@71ba6d4e]" started-at="2024-11-12T23:24:40 IST" name="ac" finished-at="2024-11-12T23:24:40 IST" duration-ms="411" status="PASS">
          <reporter-output>
          </reporter-output>
        </test-method> <!-- ac -->
        <test-method is-config="true" signature="afterSuite()[pri:0, instance:com.crm.contactTest.CreateContactTest@71ba6d4e]" started-at="2024-11-12T23:26:24 IST" name="afterSuite" finished-at="2024-11-12T23:26:24 IST" duration-ms="0" status="PASS">
          <reporter-output>
          </reporter-output>
        </test-method> <!-- afterSuite -->
      </class> <!-- com.crm.contactTest.CreateContactTest -->
      <class name="com.crm.organizationTest.CreateORGTest">
        <test-method is-config="true" signature="bc()[pri:0, instance:com.crm.organizationTest.CreateORGTest@2ddc9a9f]" started-at="2024-11-12T23:25:56 IST" name="bc" finished-at="2024-11-12T23:25:57 IST" duration-ms="1611" status="PASS">
          <reporter-output>
          </reporter-output>
        </test-method> <!-- bc -->
        <test-method is-config="true" signature="bm()[pri:0, instance:com.crm.organizationTest.CreateORGTest@2ddc9a9f]" started-at="2024-11-12T23:25:57 IST" name="bm" finished-at="2024-11-12T23:26:02 IST" duration-ms="4383" status="PASS">
          <reporter-output>
          </reporter-output>
        </test-method> <!-- bm -->
        <test-method signature="createOrgTest()[pri:0, instance:com.crm.organizationTest.CreateORGTest@2ddc9a9f]" started-at="2024-11-12T23:26:02 IST" name="createOrgTest" finished-at="2024-11-12T23:26:21 IST" duration-ms="19085" status="PASS">
          <reporter-output>
          </reporter-output>
        </test-method> <!-- createOrgTest -->
        <test-method is-config="true" signature="am()[pri:0, instance:com.crm.organizationTest.CreateORGTest@2ddc9a9f]" started-at="2024-11-12T23:26:21 IST" name="am" finished-at="2024-11-12T23:26:23 IST" duration-ms="2619" status="PASS">
          <reporter-output>
          </reporter-output>
        </test-method> <!-- am -->
        <test-method is-config="true" signature="ac()[pri:0, instance:com.crm.organizationTest.CreateORGTest@2ddc9a9f]" started-at="2024-11-12T23:26:23 IST" name="ac" finished-at="2024-11-12T23:26:24 IST" duration-ms="356" status="PASS">
          <reporter-output>
          </reporter-output>
        </test-method> <!-- ac -->
      </class> <!-- com.crm.organizationTest.CreateORGTest -->
      <class name="com.crm.leadsTest.CreateLeadsTest">
        <test-method is-config="true" signature="bc()[pri:0, instance:com.crm.leadsTest.CreateLeadsTest@750e2b97]" started-at="2024-11-12T23:24:40 IST" name="bc" finished-at="2024-11-12T23:24:42 IST" duration-ms="1701" status="PASS">
          <reporter-output>
          </reporter-output>
        </test-method> <!-- bc -->
        <test-method is-config="true" signature="bm()[pri:0, instance:com.crm.leadsTest.CreateLeadsTest@750e2b97]" started-at="2024-11-12T23:24:42 IST" name="bm" finished-at="2024-11-12T23:24:46 IST" duration-ms="4262" status="PASS">
          <reporter-output>
          </reporter-output>
        </test-method> <!-- bm -->
        <test-method signature="createLeadsNameTest()[pri:0, instance:com.crm.leadsTest.CreateLeadsTest@750e2b97]" started-at="2024-11-12T23:24:46 IST" name="createLeadsNameTest" finished-at="2024-11-12T23:25:02 IST" duration-ms="16292" status="PASS">
          <reporter-output>
          </reporter-output>
        </test-method> <!-- createLeadsNameTest -->
        <test-method is-config="true" signature="am()[pri:0, instance:com.crm.leadsTest.CreateLeadsTest@750e2b97]" started-at="2024-11-12T23:25:02 IST" name="am" finished-at="2024-11-12T23:25:04 IST" duration-ms="2085" status="PASS">
          <reporter-output>
          </reporter-output>
        </test-method> <!-- am -->
        <test-method is-config="true" signature="ac()[pri:0, instance:com.crm.leadsTest.CreateLeadsTest@750e2b97]" started-at="2024-11-12T23:25:04 IST" name="ac" finished-at="2024-11-12T23:25:05 IST" duration-ms="371" status="PASS">
          <reporter-output>
          </reporter-output>
        </test-method> <!-- ac -->
      </class> <!-- com.crm.leadsTest.CreateLeadsTest -->
    </test> <!-- Test -->
  </suite> <!-- Suite -->
</testng-results>
